{
  "stats": {
    "suites": 1,
    "tests": 6,
    "passes": 6,
    "pending": 0,
    "failures": 0,
    "start": "2021-11-26T11:57:03.534Z",
    "end": "2021-11-26T11:57:07.380Z",
    "duration": 3689,
    "testsRegistered": 6,
    "passPercent": 100,
    "pendingPercent": 0,
    "other": 0,
    "hasOther": false,
    "skipped": 0,
    "hasSkipped": false
  },
  "results": [
    {
      "uuid": "db3b9ef4-80f3-4d8a-a9f1-d79962e88a9a",
      "title": "",
      "fullFile": "cypress/integration/backend.auth.spec.js",
      "file": "cypress/integration/backend.auth.spec.js",
      "beforeHooks": [],
      "afterHooks": [],
      "tests": [],
      "suites": [
        {
          "uuid": "e31f73b4-277b-42b6-adee-674c5d22f378",
          "title": "Testing backend automation",
          "fullFile": "",
          "file": "",
          "beforeHooks": [],
          "afterHooks": [],
          "tests": [
            {
              "title": "Test Case 1 - Create a new client",
              "fullTitle": "Testing backend automation Test Case 1 - Create a new client",
              "timedOut": null,
              "duration": 735,
              "state": "passed",
              "speed": "fast",
              "pass": true,
              "fail": false,
              "pending": false,
              "context": null,
              "code": "clientHelpers.createClientRequest(cy);",
              "err": {},
              "uuid": "a8d45265-7834-4ac5-b5dc-642aaefc45a5",
              "parentUUID": "e31f73b4-277b-42b6-adee-674c5d22f378",
              "isHook": false,
              "skipped": false
            },
            {
              "title": "Test Case 2 - Get all clients",
              "fullTitle": "Testing backend automation Test Case 2 - Get all clients",
              "timedOut": null,
              "duration": 578,
              "state": "passed",
              "speed": "fast",
              "pass": true,
              "fail": false,
              "pending": false,
              "context": null,
              "code": "clientHelpers.getAllClientsRequest(cy);",
              "err": {},
              "uuid": "d7fec81f-6b39-4214-b849-aad46ef4ecbe",
              "parentUUID": "e31f73b4-277b-42b6-adee-674c5d22f378",
              "isHook": false,
              "skipped": false
            },
            {
              "title": "Test Case 3 - Create a client and delete it",
              "fullTitle": "Testing backend automation Test Case 3 - Create a client and delete it",
              "timedOut": null,
              "duration": 586,
              "state": "passed",
              "speed": "fast",
              "pass": true,
              "fail": false,
              "pending": false,
              "context": null,
              "code": "clientHelpers.createClientRequestAndDelete(cy);",
              "err": {},
              "uuid": "597d4f99-9e27-4c4f-a212-24ad21abae72",
              "parentUUID": "e31f73b4-277b-42b6-adee-674c5d22f378",
              "isHook": false,
              "skipped": false
            },
            {
              "title": "Test Case 4 - Create a room",
              "fullTitle": "Testing backend automation Test Case 4 - Create a room",
              "timedOut": null,
              "duration": 591,
              "state": "passed",
              "speed": "fast",
              "pass": true,
              "fail": false,
              "pending": false,
              "context": null,
              "code": "roomHelpers.createRoomRequest(cy);",
              "err": {},
              "uuid": "486ebec7-7afe-41ff-8313-cb81933001ab",
              "parentUUID": "e31f73b4-277b-42b6-adee-674c5d22f378",
              "isHook": false,
              "skipped": false
            },
            {
              "title": "Test Case 5 - Create a room and delete it",
              "fullTitle": "Testing backend automation Test Case 5 - Create a room and delete it",
              "timedOut": null,
              "duration": 616,
              "state": "passed",
              "speed": "fast",
              "pass": true,
              "fail": false,
              "pending": false,
              "context": null,
              "code": "roomHelpers.createAndDeleteRoom(cy);",
              "err": {},
              "uuid": "573c1ad0-4bb1-423a-a1e6-50a0a51c1ede",
              "parentUUID": "e31f73b4-277b-42b6-adee-674c5d22f378",
              "isHook": false,
              "skipped": false
            },
            {
              "title": "test case 6 - Edit a client",
              "fullTitle": "Testing backend automation test case 6 - Edit a client",
              "timedOut": null,
              "duration": 583,
              "state": "passed",
              "speed": "fast",
              "pass": true,
              "fail": false,
              "pending": false,
              "context": null,
              "code": "clientHelpers.putRequestAfterGet(cy);",
              "err": {},
              "uuid": "eda705c9-f127-4f57-be41-9cacb4b2e1c1",
              "parentUUID": "e31f73b4-277b-42b6-adee-674c5d22f378",
              "isHook": false,
              "skipped": false
            }
          ],
          "suites": [],
          "passes": [
            "a8d45265-7834-4ac5-b5dc-642aaefc45a5",
            "d7fec81f-6b39-4214-b849-aad46ef4ecbe",
            "597d4f99-9e27-4c4f-a212-24ad21abae72",
            "486ebec7-7afe-41ff-8313-cb81933001ab",
            "573c1ad0-4bb1-423a-a1e6-50a0a51c1ede",
            "eda705c9-f127-4f57-be41-9cacb4b2e1c1"
          ],
          "failures": [],
          "pending": [],
          "skipped": [],
          "duration": 3689,
          "root": false,
          "rootEmpty": false,
          "_timeout": 2000
        }
      ],
      "passes": [],
      "failures": [],
      "pending": [],
      "skipped": [],
      "duration": 0,
      "root": true,
      "rootEmpty": true,
      "_timeout": 2000
    }
  ],
  "meta": {
    "mocha": {
      "version": "7.0.1"
    },
    "mochawesome": {
      "options": {
        "quiet": false,
        "reportFilename": "mochawesome",
        "saveHtml": false,
        "saveJson": true,
        "consoleReporter": "spec",
        "useInlineDiffs": false,
        "code": true
      },
      "version": "7.0.1"
    },
    "marge": {
      "options": {
        "charts": true,
        "overwrite": false,
        "html": false,
        "json": true,
        "reportDir": "cypress/report/mochawesome-report"
      },
      "version": "6.0.1"
    }
  }
}